<?xml version="1.0" encoding="UTF-8" ?>
<testsuite tests="8" failures="0" name="com.chc.validation.test.controller.PasswordServiceImplTest" time="0.039" errors="0" skipped="0">
  <properties>
[...]
</properties>
  <testcase classname="com.chc.validation.test.controller.PasswordServiceImplTest" name="testPasswordLengthIsBtwn5and12" time="0.024"/>
  <testcase classname="com.chc.validation.test.controller.PasswordServiceImplTest" name="testPasswordContains1Character" time="0.009"/>
  <testcase classname="com.chc.validation.test.controller.PasswordServiceImplTest" name="testPasswordShouldNotContainSpecialCharacters" time="0"/>
  <testcase classname="com.chc.validation.test.controller.PasswordServiceImplTest" name="testPasswordMaxLengthisNot12" time="0.001"/>
  <testcase classname="com.chc.validation.test.controller.PasswordServiceImplTest" name="testPasswordMinLengthisNot5" time="0"/>
  <testcase classname="com.chc.validation.test.controller.PasswordServiceImplTest" name="testPasswordContainsOnlyLowerCaseLetters" time="0.002"/>
  <testcase classname="com.chc.validation.test.controller.PasswordServiceImplTest" name="testPasswordContains1Digit" time="0.001"/>
  <testcase classname="com.chc.validation.test.controller.PasswordServiceImplTest" name="testPasswordHasNoSequence" time="0.002"/>
</testsuite>